C51 COMPILER V9.55   7920_580B                                                             08/20/2017 17:22:31 PAGE 1   


C51 COMPILER V9.55, COMPILATION OF MODULE 7920_580B
OBJECT MODULE PLACED IN 7920_580b.OBJ
COMPILER INVOKED BY: D:\App\keil\C51\BIN\C51.EXE 7920_580b.c OPTIMIZE(8,SPEED) BROWSE DEBUG OBJECTEXTEND TABS(2)

line level    source

   1          /********************************************************************
   2          * 文件名  ： 定时器的使用.c
   3          * 描述    :  
   4          * 创建人  ： 东流，2009年4月8日
   5          * 版本号  ： 2.0
   6          ***********************************************************************/
   7          #include <reg52.h>
   8          #include <string.h>
   9          #define uchar unsigned char
  10          #define uint  unsigned int
  11          
  12          uchar code IC_DAT[];
  13          uchar code pic1[];
  14          uchar code pic2[];
  15          uchar code pic3[]; 
  16          
  17          sbit RS  = P1^5;
  18          sbit WRD = P1^6;
  19          sbit E   = P1^7;
  20          sbit PSB = P1^3;
  21          sbit RES = P1^4;
  22          
  23          void TransferData(char data1,bit DI);
  24          void display(void);
  25          void display_grapic(void);
  26          void delayms(uint n);
  27          void DisplayLine(uchar line1,uchar line2);
  28          void DisplayGraphic(uchar code *adder);
  29          void delay(uint m);
  30          void lcd_mesg(uchar code *adder1);
  31          
  32          uchar code IC_DAT[]={
  33          "     HOT-51     "  
  34          "                "
  35          "  单片机开发板  "
  36          "    东流电子    "
  37          };
  38          
  39          uchar code IC_DAT2[]={
  40          "  白日依山尽，  "      //0x80
  41          "  欲穷千里目，  "      //0x90
  42          "  黄河入海流。  "      //0x88
  43          "  更上一层楼。  "      //0x98
  44          };
  45          
  46          /********************************************************************
  47          * 名称 : Convert(uchar In_Date)
  48          * 功能 : 因为电路设计时，P0.0--P0.7接法刚好了资料中的相反，所以设计该函数。
  49          * 输入 : 1602资料上的值
  50          * 输出 : 送到1602的值
  51          ***********************************************************************/
  52          unsigned char Convert(unsigned char In_Date)
  53          {
  54   1          unsigned char i, Out_Date = 0, temp = 0;
  55   1          for(i=0; i<8; i++)
C51 COMPILER V9.55   7920_580B                                                             08/20/2017 17:22:31 PAGE 2   

  56   1          {
  57   2              temp = (In_Date >> i) & 0x01;
  58   2              Out_Date |= (temp << (7 - i));
  59   2          }
  60   1          return Out_Date;
  61   1      }
  62          
  63          void initinal(void)           //LCD字库初始化程序
  64          {
  65   1                 delay(40);             //大于40MS的延时程序
  66   1                 PSB=1;                 //设置为8BIT并口工作模式
  67   1                 delay(1);              //延时
  68   1                 RES=0;                 //复位
  69   1                 delay(1);              //延时
  70   1                 RES=1;                 //复位置高
  71   1                 delay(10);
  72   1                 TransferData(0x30,0);  //Extended Function Set :8BIT设置,RE=0: basic instruction set, G=0 :grap
             -hic display OFF
  73   1                 delay(100);            //大于100uS的延时程序
  74   1                 TransferData(0x30,0);  //Function Set
  75   1                 delay(37);             ////大于37uS的延时程序
  76   1                 TransferData(0x08,0);  //Display on Control
  77   1                 delay(100);            //大于100uS的延时程序
  78   1                 TransferData(0x10,0);  //Cursor Display Control光标设置
  79   1                 delay(100);            //大于100uS的延时程序
  80   1                 TransferData(0x0C,0);  //Display Control,D=1,显示开
  81   1                 delay(100);            //大于100uS的延时程序
  82   1                 TransferData(0x01,0);  //Display Clear
  83   1                 delay(10);             //大于10mS的延时程序
  84   1                 TransferData(0x06,0);  //Enry Mode Set,光标从右向左加1位移动
  85   1                 delay(100);            //大于100uS的延时程序
  86   1                }
  87          
  88          /********************************************************************
  89          * 名称 : Main()
  90          * 功能 : 主函数
  91          * 输入 : 无
  92          * 输出 : 无
  93          ***********************************************************************/
  94          void     initina2(void)           //LCD显示图片(扩展)初始化程序
  95                    {
  96   1                 delay(40);             //大于40MS的延时程序
  97   1                 PSB=1;                 //设置为8BIT并口工作模式
  98   1                 delay(1);              //延时
  99   1                 RES=0;                 //复位
 100   1                 delay(1);              //延时
 101   1                 RES=1;                 //复位置高
 102   1                 delay(10);
 103   1      
 104   1                 TransferData(0x36,0);  //Extended Function Set RE=1: extended instruction
 105   1                 delay(100);            //大于100uS的延时程序
 106   1                 TransferData(0x36,0);  //Extended Function Set:RE=1: extended instruction set
 107   1                 delay(37);             ////大于37uS的延时程序
 108   1                 TransferData(0x3E,0);  //EXFUNCTION(DL=8BITS,RE=1,G=1)
 109   1                 delay(100);            //大于100uS的延时程序
 110   1                 TransferData(0x01,0);  //CLEAR SCREEN
 111   1                 delay(100);            //大于100uS的延时程序
 112   1                }
 113          
 114          /********************************************************************
 115          * 名称 : Main()
 116          * 功能 : 主函数
C51 COMPILER V9.55   7920_580B                                                             08/20/2017 17:22:31 PAGE 3   

 117          * 输入 : 无
 118          * 输出 : 无
 119          ***********************************************************************/
 120          void    main(void)
 121               {
 122   1               while(1)
 123   1            {
 124   2            initina2();            //调用LCD显示图片(扩展)初始化程序
 125   2        
 126   2                DisplayGraphic(pic2);  //显示图片2
 127   2                delayms(200);       
 128   2      
 129   2                initinal();        //调用LCD字库初始化程序
 130   2                delay(100);            //大于100uS的延时程序
 131   2                lcd_mesg(IC_DAT);      //显示中文汉字1
 132   2                delayms(240);
 133   2                delayms(240);
 134   2          
 135   2                initinal();        //调用LCD字库初始化程序
 136   2                delay(100);            //大于100uS的延时程序 
 137   2                lcd_mesg(IC_DAT2);     //显示中文汉字2
 138   2                delayms(240);
 139   2            delayms(240);
 140   2            initinal();  
 141   2              }
 142   1            }
 143          
 144          /********************************************************************
 145          * 名称 : Main()
 146          * 功能 : 主函数
 147          * 输入 : 无
 148          * 输出 : 无
 149          ***********************************************************************/
 150          void   lcd_mesg(unsigned char code *adder1)
 151          {
 152   1        unsigned char i;
 153   1              TransferData(0x80,0);  //Set Graphic Display RAM Address
 154   1              delay(100);
 155   1        for(i=0;i<32;i++)
 156   1          {
 157   2              TransferData(*adder1,1);
 158   2              adder1++;
 159   2          }
 160   1      
 161   1              TransferData(0x90,0);  //Set Graphic Display RAM Address
 162   1              delay(100);
 163   1        for(i=32;i<64;i++)
 164   1          {
 165   2              TransferData(*adder1,1);
 166   2              adder1++;
 167   2          }
 168   1      }
 169          
 170          /********************************************************************
 171          * 名称 : Main()
 172          * 功能 : 主函数
 173          * 输入 : 无
 174          * 输出 : 无
 175          ***********************************************************************/
 176          void    TransferData(char data1,bit DI)  //传送数据或者命令,当DI=0是,传送命令,当DI=1,传送数据.
 177                    {
 178   1                  WRD=0;
C51 COMPILER V9.55   7920_580B                                                             08/20/2017 17:22:31 PAGE 4   

 179   1                  RS=DI;
 180   1                  delay(1);
 181   1                  P0=Convert(data1);
 182   1                  E=1;
 183   1                  delay(1);
 184   1                  E=0;
 185   1                 }
 186          
 187          /********************************************************************
 188          * 名称 : Main()
 189          * 功能 : 主函数
 190          * 输入 : 无
 191          * 输出 : 无
 192          ***********************************************************************/
 193          void    delayms(unsigned int n)            //延时10×n毫秒程序
 194                             {
 195   1                            unsigned int i,j;
 196   1                            for(i=0;i<n;i++)
 197   1                               for(j=0;j<2000;j++);
 198   1                         }
 199          
 200          /********************************************************************
 201          * 名称 : Main()
 202          * 功能 : 主函数
 203          * 输入 : 无
 204          * 输出 : 无
 205          ***********************************************************************/
 206          void    delay(unsigned int m)            //延时程序
 207                             {
 208   1                            unsigned int i,j;
 209   1                            for(i=0;i<m;i++)
 210   1                               for(j=0;j<10;j++);
 211   1                         }
 212          
 213          /********************************************************************
 214          * 名称 : Main()
 215          * 功能 : 主函数
 216          * 输入 : 无
 217          * 输出 : 无
 218          ***********************************************************************/
 219          void DisplayGraphic(unsigned char code *adder)
 220          {
 221   1      
 222   1         int i,j;
 223   1      //*******显示上半屏内容设置
 224   1         for(i=0;i<32;i++)              //
 225   1          { 
 226   2            TransferData((0x80 + i),0); //SET  垂直地址 VERTICAL ADD
 227   2            TransferData(0x80,0);       //SET  水平地址 HORIZONTAL ADD
 228   2            for(j=0;j<16;j++)
 229   2             {
 230   3               TransferData(*adder,1);
 231   3               adder++;
 232   3             }
 233   2          }    
 234   1      //*******显示下半屏内容设置
 235   1         for(i=0;i<32;i++)              //
 236   1          {
 237   2            TransferData((0x80 + i),0); //SET 垂直地址 VERTICAL ADD
 238   2            TransferData(0x88,0);       //SET 水平地址 HORIZONTAL ADD
 239   2            for(j=0;j<16;j++)
 240   2             {
C51 COMPILER V9.55   7920_580B                                                             08/20/2017 17:22:31 PAGE 5   

 241   3               TransferData(*adder,1);
 242   3               adder++;
 243   3             }
 244   2          }
 245   1      }
 246          
 247          
 248          
 249          unsigned char code pic2[]=
 250          {
 251          0x00,0x00,0x00,0x00,0x00,0x00,0x00,0x0F,0x78,0x00,0x00,0x00,0x00,0x00,0x00,0x00,
 252          0x00,0x00,0x00,0x00,0x00,0x00,0x00,0x3C,0x1E,0x00,0x00,0x00,0x00,0x00,0x00,0x00,
 253          0x00,0x00,0x00,0x00,0x00,0x00,0x00,0xF0,0x07,0x80,0x00,0x00,0x00,0x00,0x00,0x00,
 254          0x00,0x00,0x00,0x00,0x00,0x00,0x03,0xC0,0x01,0xE0,0x00,0x00,0x00,0x00,0x00,0x00,
 255          0x00,0x00,0x00,0x00,0x00,0x00,0x0F,0x00,0x00,0x78,0x00,0x00,0x00,0x00,0x00,0x00,
 256          0x00,0x00,0x00,0x00,0x00,0x00,0x3C,0x00,0x00,0x1E,0x00,0x00,0x00,0x00,0x00,0x00,
 257          0x00,0x00,0x00,0x00,0x00,0x00,0xF0,0x00,0x00,0x07,0x80,0x00,0x00,0x00,0x00,0x00,
 258          0x00,0x00,0x00,0x00,0x00,0x03,0xC0,0x00,0x00,0x01,0xC0,0x00,0x00,0x00,0x00,0x00,
 259          0x00,0x00,0x00,0x00,0x00,0x0F,0x00,0x00,0x00,0x00,0x70,0x00,0x00,0x00,0x00,0x00,
 260          0x00,0x00,0x00,0x00,0x00,0x3C,0x00,0x00,0x00,0x00,0x1C,0x00,0x00,0x00,0x00,0x00,
 261          0x00,0x00,0x00,0x00,0x00,0xF0,0x00,0x00,0x00,0x00,0x1E,0x00,0x00,0x00,0x00,0x00,
 262          0x00,0x00,0x00,0x00,0x03,0xC0,0x00,0x00,0x00,0x00,0x7E,0x00,0x00,0x00,0x00,0x00,
 263          0x00,0x00,0x00,0x00,0x0F,0x00,0x00,0x00,0x00,0x01,0xE6,0x00,0x00,0x00,0x00,0x00,
 264          0x00,0x00,0x00,0x00,0x3C,0x00,0x00,0x00,0x00,0x07,0x82,0x00,0x00,0x00,0x00,0x00,
 265          0x00,0x00,0x00,0x00,0xF0,0x00,0x00,0x00,0x00,0x1E,0x02,0x00,0x00,0x00,0x00,0x00,
 266          0x00,0x00,0x00,0x01,0xE0,0x00,0x00,0x00,0x00,0x78,0x03,0x00,0x00,0x00,0x00,0x00,
 267          0x00,0x00,0x00,0x01,0xE0,0x00,0x00,0x00,0x01,0xE0,0x03,0x00,0x00,0x00,0x00,0x00,
 268          0x00,0x00,0x00,0x01,0x78,0x00,0x00,0x00,0x07,0x80,0x01,0x00,0x00,0x00,0x00,0x00,
 269          0x00,0x00,0x00,0x03,0x1E,0x00,0x00,0x00,0x1E,0x00,0x07,0x00,0x00,0x00,0x00,0x00,
 270          0x00,0x00,0x00,0x03,0x07,0x80,0x00,0x00,0x78,0x00,0x1F,0x00,0x00,0x00,0x00,0x00,
 271          0x00,0x00,0x00,0x02,0x01,0xE0,0x00,0x01,0xE0,0x00,0x3F,0x00,0x00,0x00,0x00,0x00,
 272          0x00,0x00,0x00,0x06,0x00,0x78,0x1F,0x07,0x80,0x01,0xF1,0x80,0x00,0x00,0x00,0x00,
 273          0x00,0x00,0x00,0x0E,0x00,0x1E,0x3F,0x9E,0x00,0x03,0xF9,0x80,0x00,0x00,0x00,0x00,
 274          0x00,0x00,0x00,0x0E,0x00,0x07,0xB3,0x78,0x00,0x0F,0xF9,0x80,0x00,0x00,0x00,0x00,
 275          0x00,0x00,0x00,0x0F,0x80,0x01,0xFF,0xE0,0x00,0x79,0x98,0x80,0x00,0x00,0x00,0x00,
 276          0x00,0x00,0x00,0x0F,0xE0,0x00,0x7F,0x80,0x00,0xE0,0xD8,0x80,0x00,0x00,0x00,0x00,
 277          0x00,0x00,0x00,0x0F,0xF8,0x00,0x0C,0x00,0x07,0xE0,0xF8,0x80,0x00,0x00,0x00,0x00,
 278          0x00,0x00,0x00,0x0E,0x7E,0x00,0x0C,0x00,0x1F,0xF0,0xF8,0x80,0x00,0x00,0x00,0x00,
 279          0x00,0x00,0x00,0x0E,0x1F,0x80,0x0C,0x00,0x7E,0x70,0xDC,0x80,0x00,0x00,0x00,0x00,
 280          0x00,0x00,0x00,0x0F,0x07,0xE0,0x0C,0x01,0xE3,0x70,0x5C,0xC0,0x00,0x00,0x00,0x00,
 281          0x00,0x00,0x00,0x0F,0x81,0xF8,0x0C,0x07,0x83,0x70,0x5F,0xC0,0x00,0x00,0x00,0x00,
 282          0x00,0x00,0x00,0x0D,0xE0,0x7E,0x0C,0x1F,0xC1,0xF0,0x5F,0xC0,0x00,0x00,0x00,0x00,
 283          0x00,0x00,0x00,0x0F,0x78,0x3F,0x8C,0x7F,0xC1,0xB8,0x47,0xC0,0x00,0x00,0x00,0x00,
 284          0x00,0x00,0x00,0x0F,0x1E,0x0F,0xED,0xEC,0xE1,0xB8,0xC7,0xC0,0x00,0x00,0x00,0x00,
 285          0x00,0x00,0x00,0x1F,0x07,0x83,0xFF,0xC6,0xE1,0xB9,0xC7,0xC0,0x00,0x00,0x00,0x00,
 286          0x00,0x00,0x00,0x1F,0x07,0xE0,0xFF,0xE7,0xE1,0xBF,0x07,0xC0,0x00,0x00,0x00,0x00,
 287          0x00,0x00,0x00,0x1F,0x07,0xF8,0x3F,0xE7,0xE1,0xBF,0x07,0xC0,0x00,0x00,0x00,0x00,
 288          0x00,0x00,0x00,0x1F,0x07,0x9E,0x0C,0xE6,0xE1,0x8F,0x07,0xC0,0x00,0x00,0x00,0x00,
 289          0x00,0x00,0x00,0x1F,0x07,0x87,0x8C,0xE6,0xE3,0x8F,0x83,0xC0,0x00,0x00,0x00,0x00,
 290          0x00,0x00,0x00,0x1F,0x0F,0x81,0xED,0xE6,0xE7,0x0F,0x83,0xC0,0x00,0x00,0x00,0x00,
 291          0x00,0x00,0x00,0x1F,0x07,0x00,0x7F,0xE6,0xFE,0x0F,0x83,0x40,0x00,0x00,0x00,0x00,
 292          0x00,0x00,0x00,0x1F,0x00,0x00,0x1E,0x76,0xFE,0x0F,0x83,0x40,0x00,0x00,0x00,0x00,
 293          0x00,0x00,0x00,0x1E,0x00,0x00,0x00,0x72,0x1E,0x0F,0x83,0x40,0x00,0x00,0x00,0x00,
 294          0x00,0x00,0x00,0x1E,0x00,0x00,0x00,0x7E,0x1A,0x0F,0x83,0x40,0x00,0x00,0x00,0x00,
 295          0x00,0x00,0x00,0x1E,0x00,0x00,0x00,0x7C,0x1A,0x0F,0x83,0xC0,0x00,0x00,0x00,0x00,
 296          0x00,0x00,0x00,0x0C,0x00,0x00,0x00,0x78,0x1A,0x0F,0x83,0xC0,0x00,0x00,0x00,0x00,
 297          0x00,0x00,0x00,0x00,0x00,0x00,0x00,0x78,0x1A,0x07,0x83,0xC0,0x00,0x00,0x00,0x00,
 298          0x00,0x00,0x00,0x00,0x00,0x00,0x00,0x7C,0x1E,0x07,0x80,0x00,0x00,0x00,0x00,0x00,
 299          0x00,0x00,0x00,0x00,0x00,0x00,0x00,0x7C,0x1F,0x07,0x80,0x00,0x00,0x00,0x00,0x00,
 300          0x00,0x00,0x00,0x00,0x00,0x00,0x00,0x7C,0x1F,0x07,0x80,0x00,0x00,0x00,0x00,0x00,
 301          0x00,0x00,0x00,0x00,0x00,0x00,0x00,0x7C,0x1F,0x07,0x80,0x00,0x00,0x00,0x00,0x00,
 302          0x00,0x00,0x00,0x00,0x00,0x00,0x00,0x7C,0x1F,0x07,0x00,0x00,0x00,0x00,0x00,0x00,
C51 COMPILER V9.55   7920_580B                                                             08/20/2017 17:22:31 PAGE 6   

 303          0x00,0x00,0x00,0x00,0x00,0x00,0x00,0x7C,0x1F,0x00,0x00,0x00,0x00,0x08,0x00,0x00,
 304          0x00,0x00,0x00,0x00,0x00,0x00,0x00,0x7C,0x1F,0x00,0x00,0x00,0x00,0x10,0x00,0x40,
 305          0x00,0x00,0x00,0x00,0x00,0x00,0x00,0x3C,0x1F,0x00,0x00,0x00,0x00,0xFF,0x08,0x20,
 306          0x00,0x00,0x00,0x00,0x00,0x00,0x00,0x3C,0x1F,0x00,0x00,0x00,0x00,0x28,0x05,0xFC,
 307          0x00,0x00,0x00,0x00,0x00,0x00,0x00,0x34,0x0C,0x00,0x00,0x00,0x00,0x48,0x00,0x40,
 308          0x00,0x00,0x00,0x00,0x00,0x00,0x00,0x34,0x00,0x00,0x00,0x00,0x00,0xFF,0x08,0x88,
 309          0x00,0x00,0x00,0x00,0x00,0x00,0x00,0x34,0x00,0x00,0x00,0x00,0x00,0x08,0x05,0xFC,
 310          0x00,0x00,0x00,0x00,0x00,0x00,0x00,0x3C,0x00,0x00,0x00,0x00,0x00,0x4A,0x00,0xA8,
 311          0x00,0x00,0x00,0x00,0x00,0x00,0x00,0x3C,0x00,0x00,0x00,0x00,0x00,0x89,0x04,0xA8,
 312          0x00,0x00,0x00,0x00,0x00,0x00,0x00,0x10,0x00,0x00,0x00,0x00,0x01,0x08,0x88,0xA8,
 313          0x00,0x00,0x00,0x00,0x00,0x00,0x00,0x00,0x00,0x00,0x00,0x00,0x00,0x38,0x10,0xAA,
 314          0x00,0x00,0x00,0x00,0x00,0x00,0x00,0x00,0x00,0x00,0x00,0x00,0x00,0x08,0x01,0x2E,
 315          
 316          };


MODULE INFORMATION:   STATIC OVERLAYABLE
   CODE SIZE        =    656    ----
   CONSTANT SIZE    =   1154    ----
   XDATA SIZE       =   ----    ----
   PDATA SIZE       =   ----    ----
   DATA SIZE        =   ----      10
   IDATA SIZE       =   ----    ----
   BIT SIZE         =   ----       1
END OF MODULE INFORMATION.


C51 COMPILATION COMPLETE.  0 WARNING(S),  0 ERROR(S)
